This is pdfTeX, Version 3.1415926-1.40.11 (MiKTeX 2.9 64-bit) (preloaded format=pdflatex 2011.7.30)  23 FEB 2015 22:07
entering extended mode
**Build*a*Raspberry*Robot.tex

("C:\Users\Robbie\Dropbox\raspberry_robot\Documentation\Build a Raspberry Robot
\Build a Raspberry Robot.tex"
LaTeX2e <2009/09/24>
Babel <v3.8l> and hyphenation patterns for english, afrikaans, ancientgreek, ar
abic, armenian, assamese, basque, bengali, bokmal, bulgarian, catalan, coptic, 
croatian, czech, danish, dutch, esperanto, estonian, farsi, finnish, french, ga
lician, german, german-x-2009-06-19, greek, gujarati, hindi, hungarian, iceland
ic, indonesian, interlingua, irish, italian, kannada, kurmanji, lao, latin, lat
vian, lithuanian, malayalam, marathi, mongolian, mongolianlmc, monogreek, ngerm
an, ngerman-x-2009-06-19, nynorsk, oriya, panjabi, pinyin, polish, portuguese, 
romanian, russian, sanskrit, serbian, slovak, slovenian, spanish, swedish, swis
sgerman, tamil, telugu, turkish, turkmen, ukenglish, ukrainian, uppersorbian, u
senglishmax, welsh, loaded.
(C:\Users\Robbie\AppData\Roaming\MiKTeX\2.9\tex/latex\memoir\memoir.cls
Document Class: memoir 2011/03/06 v3.6j configurable book, report, article docu
ment class
\onelineskip=\skip41
\lxvchars=\skip42
\xlvchars=\skip43
\@memcnta=\count79
\c@@memmarkcntra=\count80
\l@nohyphenation=\language70
("C:\Program Files\MiKTeX 2.9\tex\generic\oberdiek\ifpdf.sty"
Package: ifpdf 2010/01/28 v2.1 Provides the ifpdf switch (HO)
Package ifpdf Info: pdfTeX in pdf mode detected.
)
Class memoir Info: An `ifetex' package is being emulated on input line 251.

("C:\Program Files\MiKTeX 2.9\tex\generic\ifxetex\ifxetex.sty"
Package: ifxetex 2010/09/12 v0.6 Provides ifxetex conditional
)
("C:\Program Files\MiKTeX 2.9\tex\generic\oberdiek\ifluatex.sty"
Package: ifluatex 2010/03/01 v1.3 Provides the ifluatex switch (HO)
Package ifluatex Info: LuaTeX not detected.
)
\stockheight=\skip44
\stockwidth=\skip45
\trimtop=\skip46
\trimedge=\skip47

("C:\Program Files\MiKTeX 2.9\tex\latex\misc\etex.sty"
Package: etex 1998/03/26 v2.0 eTeX basic definition package (PEB)
\et@xins=\count81
)
(C:\Users\Robbie\AppData\Roaming\MiKTeX\2.9\tex/latex\memoir\mem12.clo
File: mem12.clo 2010/10/19 v0.4b memoir class 12pt size option
)
\binding=\skip48
\spinemargin=\skip49
\foremargin=\skip50
\uppermargin=\skip51
\lowermargin=\skip52
\headdrop=\skip53
\normalrulethickness=\skip54
\mem@maxheadheight=\skip55
\mem@maxfootheight=\skip56
\headwidth=\skip57
\c@storedpagenumber=\count82
\memPD=\dimen102
\m@mabparskip=\skip58
\thanksmarkwidth=\skip59
\thanksmarksep=\skip60
\droptitle=\skip61
\c@book=\count83
\c@part=\count84
\c@chapter=\count85
\c@section=\count86
\c@subsection=\count87
\c@subsubsection=\count88
\c@paragraph=\count89
\c@subparagraph=\count90
\beforechapskip=\skip62
\midchapskip=\skip63
\afterchapskip=\skip64
\chapindent=\skip65
\bottomsectionskip=\skip66
\secindent=\skip67
\beforesecskip=\skip68
\aftersecskip=\skip69
\subsecindent=\skip70
\beforesubsecskip=\skip71
\aftersubsecskip=\skip72
\subsubsecindent=\skip73
\beforesubsubsecskip=\skip74
\aftersubsubsecskip=\skip75
\paraindent=\skip76
\beforeparaskip=\skip77
\afterparaskip=\skip78
\subparaindent=\skip79
\beforesubparaskip=\skip80
\aftersubparaskip=\skip81
\pfbreakskip=\skip82
\c@@ppsavesec=\count91
\c@@ppsaveapp=\count92
\ragrparindent=\dimen103
\everylistparindent=\dimen104
\parsepi=\skip83
\topsepi=\skip84
\itemsepi=\skip85
\parsepii=\skip86
\topsepii=\skip87
\topsepiii=\skip88
\itemsepii=\skip89
\itemsepiii=\skip90
\partopsepii=\skip91
\partopsepiii=\skip92
\m@msavetopsep=\skip93
\m@msavepartopsep=\skip94
\@enLab=\toks14
\abstitleskip=\skip95
\absleftindent=\skip96
\abs@leftindent=\dimen105
\absrightindent=\skip97
\absparindent=\skip98
\absparsep=\skip99
\c@vslineno=\count93
\c@poemline=\count94
\c@modulo@vs=\count95
\c@memfvsline=\count96
\vleftskip=\skip100
\vrightskip=\skip101
\stanzaskip=\skip102
\versewidth=\skip103
\vgap=\skip104
\vindent=\skip105
\vleftmargin=\dimen106
\c@verse=\count97
\c@chrsinstr=\count98
\beforepoemtitleskip=\skip106
\afterpoemtitleskip=\skip107
\c@poem=\count99
\beforePoemTitleskip=\skip108
\midPoemTitleskip=\skip109
\afterPoemTitleskip=\skip110
\col@sep=\dimen107
\extrarowheight=\dimen108
\NC@list=\toks15
\extratabsurround=\skip111
\backup@length=\skip112
\TX@col@width=\dimen109
\TX@old@table=\dimen110
\TX@old@col=\dimen111
\TX@target=\dimen112
\TX@delta=\dimen113
\TX@cols=\count100
\TX@ftn=\toks16
\heavyrulewidth=\dimen114
\lightrulewidth=\dimen115
\cmidrulewidth=\dimen116
\belowrulesep=\dimen117
\belowbottomsep=\dimen118
\aboverulesep=\dimen119
\abovetopsep=\dimen120
\cmidrulesep=\dimen121
\cmidrulekern=\dimen122
\defaultaddspace=\dimen123
\@cmidla=\count101
\@cmidlb=\count102
\@aboverulesep=\dimen124
\@belowrulesep=\dimen125
\@thisruleclass=\count103
\@lastruleclass=\count104
\@thisrulewidth=\dimen126
\ctableftskip=\skip113
\ctabrightskip=\skip114
\abovecolumnspenalty=\count105
\@linestogo=\count106
\@cellstogo=\count107
\@cellsincolumn=\count108
\crtok=\toks17
\@mincolumnwidth=\dimen127
\c@newflo@tctr=\count109
\mem@margin@floatbox=\box26
\@contcwidth=\skip115
\@contindw=\skip116
\abovecaptionskip=\skip117
\belowcaptionskip=\skip118
\subfloattopskip=\skip119
\subfloatcapskip=\skip120
\subfloatcaptopadj=\skip121
\subfloatbottomskip=\skip122
\subfloatlabelskip=\skip123
\subfloatcapmargin=\dimen128
\c@@contsubnum=\count110
\m@mscap@capbox=\box27
\m@mscap@fbox=\box28
\sidecapsep=\dimen129
\sidecapwidth=\dimen130
\m@m@tempdima=\dimen131
\m@mscapraise=\dimen132
\sidecapraise=\dimen133
\m@mscapmainwidth=\dimen134
\m@mscaplkern=\dimen135
\beforeepigraphskip=\skip124
\afterepigraphskip=\skip125
\epigraphwidth=\skip126
\epigraphrule=\skip127
LaTeX Info: Redefining \em on input line 7377.
LaTeX Info: Redefining \emph on input line 7385.
\tocentryskip=\skip128
\tocbaseline=\skip129
\cftparskip=\skip130
\cftbeforebookskip=\skip131
\cftbookindent=\dimen136
\cftbooknumwidth=\dimen137
\cftbeforepartskip=\skip132
\cftpartindent=\skip133
\cftpartnumwidth=\skip134
\cftbeforechapterskip=\skip135
\cftchapterindent=\skip136
\cftchapternumwidth=\skip137
\cftbeforesectionskip=\skip138
\cftsectionindent=\skip139
\cftsectionnumwidth=\skip140
\cftbeforesubsectionskip=\skip141
\cftsubsectionindent=\skip142
\cftsubsectionnumwidth=\skip143
\cftbeforesubsubsectionskip=\skip144
\cftsubsubsectionindent=\skip145
\cftsubsubsectionnumwidth=\skip146
\cftbeforeparagraphskip=\skip147
\cftparagraphindent=\skip148
\cftparagraphnumwidth=\skip149
\cftbeforesubparagraphskip=\skip150
\cftsubparagraphindent=\skip151
\cftsubparagraphnumwidth=\skip152
\prechapterprecisshift=\dimen138
\c@maxsecnumdepth=\count111
\bibindent=\dimen139
\bibitemsep=\skip153
\indexcolsep=\skip154
\indexrule=\skip155
\indexmarkstyle=\toks18
\@indexbox=\insert233
\glossarycolsep=\dimen140
\glossaryrule=\dimen141
\sideparvshift=\skip156
\sideins=\insert232
\sidebartopsep=\skip157
\sidebarhsep=\skip158
\sidebarvsep=\skip159
\sidebarwidth=\skip160
\footmarkwidth=\skip161
\footmarksep=\skip162
\footparindent=\skip163
\footinsdim=\skip164
\footinsv@r=\insert231
\@mpfootinsv@r=\insert230
\m@m@k=\count112
\m@m@h=\dimen142
\m@mipn@skip=\skip165
\sidefootins=\insert229
\sidefootadjust=\skip166
\sidefootheight=\skip167
\sidefoothsep=\skip168
\sidefootvsep=\skip169
\sidefootwidth=\skip170
\m@mdownsf=\skip171
\c@sidefootnote=\count113
\sidefootmarkwidth=\skip172
\sidefootmarksep=\skip173
\sidefootparindent=\skip174
\c@pagenote=\count114
\c@pagenoteshadow=\count115
\mem@pn@lastkern=\skip175
\every@verbatim=\toks19
\afterevery@verbatim=\toks20
\verbatim@line=\toks21
\tab@position=\count116
\verbatim@in@stream=\read1
\verbatimindent=\skip176
\verbatim@out=\write3
\bvboxsep=\skip177
\c@memfbvline=\count117
\c@bvlinectr=\count118
\bvnumlength=\skip178
\fb@frw=\dimen143
\fb@frh=\dimen144
\FrameRule=\dimen145
\FrameSep=\dimen146
\c@cp@cntr=\count119
LaTeX Info: Redefining \: on input line 11807.
LaTeX Info: Redefining \! on input line 11809.
\c@ism@mctr=\count120
\c@xsm@mctr=\count121
\c@csm@mctr=\count122
\c@ksm@mctr=\count123
\c@xksm@mctr=\count124
\c@cksm@mctr=\count125
\c@msm@mctr=\count126
\c@xmsm@mctr=\count127
\c@cmsm@mctr=\count128
\c@bsm@mctr=\count129
\c@workm@mctr=\count130
\c@sheetsequence=\count131
\c@lastsheet=\count132
\c@lastpage=\count133
\c@figure=\count134
\c@lofdepth=\count135
\cftbeforefigureskip=\skip179
\cftfigureindent=\skip180
\cftfigurenumwidth=\skip181
\c@table=\count136
\c@lotdepth=\count137
\cftbeforetableskip=\skip182
\cfttableindent=\skip183
\cfttablenumwidth=\skip184
Package abstract [2008/07/23] emulated by memoir.
Package appendix [2008/07/23] emulated by memoir.
Package array [2008/07/23] emulated by memoir.
Package booktabs [2008/07/23] emulated by memoir.
Package ccaption [2008/07/23] emulated by memoir.
Package changepage [2008/07/23] emulated by memoir.
Package chngcntr [2008/07/23] emulated by memoir.
Package chngpage [2008/07/23] emulated by memoir.
Package crop emulated by memoir.
Package dcolumn [2008/07/23] emulated by memoir.
Package delarray [2008/07/23] emulated by memoir.
Package enumerate [2008/07/23] emulated by memoir.
Package epigraph [2008/07/23] emulated by memoir.
Package ifmtarg [2008/07/23] emulated by memoir.
Package ifetex [2008/07/23] emulated by memoir.
Package index [2008/07/23] emulated by memoir.
Package makeidx [2008/07/23] emulated by memoir.
Package moreverb [2008/07/23] emulated by memoir.
Package mparhack [2008/07/23] emulated by memoir.
Package needspace [2008/07/23] emulated by memoir.
Package newfile [2008/07/23] emulated by memoir.
Package nextpage [2008/07/23] emulated by memoir.
Package pagenote [2008/07/23] emulated by memoir.
Package parskip [2008/07/23] emulated by memoir.
Package patchcmd [2008/07/23] emulated by memoir.
Package setspace [2008/07/23] emulated by memoir.
Package shortvrb [2008/07/23] emulated by memoir.
Package showidx [2008/07/23] emulated by memoir.
Package tabularx [2008/07/23] emulated by memoir.
Package titleref [2008/07/23] emulated by memoir.
Package titling [2008/07/23] emulated by memoir.
Package tocbibind [2008/07/23] emulated by memoir.
Package tocloft [2008/07/23] emulated by memoir.
Package tocvsec2 [2008/07/23] emulated by memoir.
Package verbatim [2008/07/23] emulated by memoir.
Package verse [2008/07/23] emulated by memoir.

(C:\Users\Robbie\AppData\Roaming\MiKTeX\2.9\tex/latex\memoir\mempatch.sty
Package: mempatch 2009/07/24 v6.0f Patches for memoir class v1.6180339
))
("C:\Program Files\MiKTeX 2.9\tex\latex\graphics\graphicx.sty"
Package: graphicx 1999/02/16 v1.0f Enhanced LaTeX Graphics (DPC,SPQR)

("C:\Program Files\MiKTeX 2.9\tex\latex\graphics\keyval.sty"
Package: keyval 1999/03/16 v1.13 key=value parser (DPC)
\KV@toks@=\toks22
)
("C:\Program Files\MiKTeX 2.9\tex\latex\graphics\graphics.sty"
Package: graphics 2009/02/05 v1.0o Standard LaTeX Graphics (DPC,SPQR)

("C:\Program Files\MiKTeX 2.9\tex\latex\graphics\trig.sty"
Package: trig 1999/03/16 v1.09 sin cos tan (DPC)
)
("C:\Program Files\MiKTeX 2.9\tex\latex\00miktex\graphics.cfg"
File: graphics.cfg 2007/01/18 v1.5 graphics configuration of teTeX/TeXLive
)
Package graphics Info: Driver file: pdftex.def on input line 91.

("C:\Program Files\MiKTeX 2.9\tex\latex\pdftex-def\pdftex.def"
File: pdftex.def 2011/01/28 v0.05d Graphics/color for pdfTeX
\Gread@gobject=\count138
))
\Gin@req@height=\dimen147
\Gin@req@width=\dimen148
)
("C:\Program Files\MiKTeX 2.9\tex\latex\ams\math\amsmath.sty"
Package: amsmath 2000/07/18 v2.13 AMS math features
\@mathmargin=\skip185

For additional information on amsmath, use the `?' option.
("C:\Program Files\MiKTeX 2.9\tex\latex\ams\math\amstext.sty"
Package: amstext 2000/06/29 v2.01

("C:\Program Files\MiKTeX 2.9\tex\latex\ams\math\amsgen.sty"
File: amsgen.sty 1999/11/30 v2.0
\@emptytoks=\toks23
\ex@=\dimen149
))
("C:\Program Files\MiKTeX 2.9\tex\latex\ams\math\amsbsy.sty"
Package: amsbsy 1999/11/29 v1.2d
\pmbraise@=\dimen150
)
("C:\Program Files\MiKTeX 2.9\tex\latex\ams\math\amsopn.sty"
Package: amsopn 1999/12/14 v2.01 operator names
)
\inf@bad=\count139
LaTeX Info: Redefining \frac on input line 211.
\uproot@=\count140
\leftroot@=\count141
LaTeX Info: Redefining \overline on input line 307.
\classnum@=\count142
\DOTSCASE@=\count143
LaTeX Info: Redefining \ldots on input line 379.
LaTeX Info: Redefining \dots on input line 382.
LaTeX Info: Redefining \cdots on input line 467.
\Mathstrutbox@=\box29
\strutbox@=\box30
\big@size=\dimen151
LaTeX Font Info:    Redeclaring font encoding OML on input line 567.
LaTeX Font Info:    Redeclaring font encoding OMS on input line 568.
\macc@depth=\count144
\c@MaxMatrixCols=\count145
\dotsspace@=\muskip10
\c@parentequation=\count146
\dspbrk@lvl=\count147
\tag@help=\toks24
\row@=\count148
\column@=\count149
\maxfields@=\count150
\andhelp@=\toks25
\eqnshift@=\dimen152
\alignsep@=\dimen153
\tagshift@=\dimen154
\tagwidth@=\dimen155
\totwidth@=\dimen156
\lineht@=\dimen157
\@envbody=\toks26
\multlinegap=\skip186
\multlinetaggap=\skip187
\mathdisplay@stack=\toks27
LaTeX Info: Redefining \[ on input line 2666.
LaTeX Info: Redefining \] on input line 2667.
)
("C:\Program Files\MiKTeX 2.9\tex\latex\amsfonts\amsfonts.sty"
Package: amsfonts 2009/06/22 v3.00 Basic AMSFonts support
\symAMSa=\mathgroup4
\symAMSb=\mathgroup5
LaTeX Font Info:    Overwriting math alphabet `\mathfrak' in version `bold'
(Font)                  U/euf/m/n --> U/euf/b/n on input line 96.
)
("C:\Program Files\MiKTeX 2.9\tex\latex\amsfonts\amssymb.sty"
Package: amssymb 2009/06/22 v3.00
)
("C:\Program Files\MiKTeX 2.9\tex\latex\hyperref\hyperref.sty"
Package: hyperref 2011/03/09 v6.82d Hypertext links for LaTeX

("C:\Program Files\MiKTeX 2.9\tex\generic\oberdiek\ltxcmds.sty"
Package: ltxcmds 2010/04/26 v1.7 LaTeX kernel commands for general use (HO)
)
("C:\Program Files\MiKTeX 2.9\tex\generic\oberdiek\pdftexcmds.sty"
Package: pdftexcmds 2010/04/01 v0.9 Utility functions of pdfTeX for LuaTeX (HO)


("C:\Program Files\MiKTeX 2.9\tex\generic\oberdiek\infwarerr.sty"
Package: infwarerr 2010/04/08 v1.3 Providing info/warning/message (HO)
)
Package pdftexcmds Info: LuaTeX not detected.
Package pdftexcmds Info: \pdf@primitive is available.
Package pdftexcmds Info: \pdf@ifprimitive is available.
)
("C:\Program Files\MiKTeX 2.9\tex\generic\oberdiek\kvsetkeys.sty"
Package: kvsetkeys 2010/03/01 v1.9 Key value parser (HO)

("C:\Program Files\MiKTeX 2.9\tex\generic\oberdiek\etexcmds.sty"
Package: etexcmds 2010/01/28 v1.3 Prefix for e-TeX command names (HO)
Package etexcmds Info: Could not find \expanded.
(etexcmds)             That can mean that you are not using pdfTeX 1.50 or
(etexcmds)             that some package has redefined \expanded.
(etexcmds)             In the latter case, load this package earlier.
))
("C:\Program Files\MiKTeX 2.9\tex\generic\oberdiek\pdfescape.sty"
Package: pdfescape 2010/03/01 v1.9 Provides hex, PDF name and string conversion
s (HO)
)
("C:\Program Files\MiKTeX 2.9\tex\generic\oberdiek\ifvtex.sty"
Package: ifvtex 2010/03/01 v1.5 Switches for detecting VTeX and its modes (HO)
Package ifvtex Info: VTeX not detected.
)
("C:\Program Files\MiKTeX 2.9\tex\latex\oberdiek\hycolor.sty"
Package: hycolor 2009/12/12 v1.6 Color options of hyperref/bookmark (HO)

("C:\Program Files\MiKTeX 2.9\tex\latex\oberdiek\xcolor-patch.sty"
Package: xcolor-patch 2009/12/12 xcolor patch
))
("C:\Program Files\MiKTeX 2.9\tex\latex\oberdiek\letltxmacro.sty"
Package: letltxmacro 2008/06/24 v1.3 Let assignment for LaTeX macros (HO)
)
("C:\Program Files\MiKTeX 2.9\tex\latex\oberdiek\kvoptions.sty"
Package: kvoptions 2010/02/22 v3.7 Keyval support for LaTeX options (HO)
)
\@linkdim=\dimen158
\Hy@linkcounter=\count151
\Hy@pagecounter=\count152

("C:\Program Files\MiKTeX 2.9\tex\latex\hyperref\pd1enc.def"
File: pd1enc.def 2011/03/09 v6.82d Hyperref: PDFDocEncoding definition (HO)
)
("C:\Program Files\MiKTeX 2.9\tex\generic\oberdiek\intcalc.sty"
Package: intcalc 2007/09/27 v1.1 Expandable integer calculations (HO)
)
\Hy@SavedSpaceFactor=\count153

("C:\Program Files\MiKTeX 2.9\tex\latex\00miktex\hyperref.cfg"
File: hyperref.cfg 2002/06/06 v1.2 hyperref configuration of TeXLive
)
Package hyperref Info: Hyper figures OFF on input line 4025.
Package hyperref Info: Link nesting OFF on input line 4030.
Package hyperref Info: Hyper index ON on input line 4033.
Package hyperref Info: Plain pages OFF on input line 4040.
Package hyperref Info: Backreferencing OFF on input line 4045.
Package hyperref Info: Implicit mode ON; LaTeX internals redefined.
Package hyperref Info: Bookmarks ON on input line 4263.
\c@Hy@tempcnt=\count154

("C:\Program Files\MiKTeX 2.9\tex\latex\ltxmisc\url.sty"
\Urlmuskip=\muskip11
Package: url 2006/04/12  ver 3.3  Verb mode for urls, etc.
)
LaTeX Info: Redefining \url on input line 4616.

("C:\Program Files\MiKTeX 2.9\tex\generic\oberdiek\bitset.sty"
Package: bitset 2007/09/28 v1.0 Data type bit set (HO)

("C:\Program Files\MiKTeX 2.9\tex\generic\oberdiek\bigintcalc.sty"
Package: bigintcalc 2007/11/11 v1.1 Expandable big integer calculations (HO)
))
\Fld@menulength=\count155
\Field@Width=\dimen159
\Fld@charsize=\dimen160
Package hyperref Info: Hyper figures OFF on input line 5700.
Package hyperref Info: Link nesting OFF on input line 5705.
Package hyperref Info: Hyper index ON on input line 5708.
Package hyperref Info: backreferencing OFF on input line 5715.
Package hyperref Info: Link coloring OFF on input line 5720.
Package hyperref Info: Link coloring with OCG OFF on input line 5725.
Package hyperref Info: PDF/A mode OFF on input line 5730.
LaTeX Info: Redefining \ref on input line 5770.
LaTeX Info: Redefining \pageref on input line 5774.

("C:\Program Files\MiKTeX 2.9\tex\generic\oberdiek\atbegshi.sty"
Package: atbegshi 2010/03/25 v1.12 At begin shipout hook (HO)
)
\Hy@abspage=\count156
\c@Item=\count157
)
(C:\Users\Robbie\AppData\Roaming\MiKTeX\2.9\tex/latex\memoir\memhfixc.sty
Package: memhfixc 2010/08/17 v1.15 nameref/hyperref package fixes for memoir cl
ass
\c@memhycontfloat=\count158
)

Package hyperref Message: Driver (autodetected): hpdftex.

("C:\Program Files\MiKTeX 2.9\tex\latex\hyperref\hpdftex.def"
File: hpdftex.def 2011/03/09 v6.82d Hyperref driver for pdfTeX

("C:\Program Files\MiKTeX 2.9\tex\latex\oberdiek\atveryend.sty"
Package: atveryend 2010/03/24 v1.5 Hooks at very end of document (HO)
Package atveryend Info: \enddocument detected (standard).
)
\Fld@listcount=\count159
\c@bookmark@seq@number=\count160

("C:\Program Files\MiKTeX 2.9\tex\latex\oberdiek\rerunfilecheck.sty"
Package: rerunfilecheck 2010/03/16 v1.6 Rerun checks for auxiliary files (HO)

("C:\Program Files\MiKTeX 2.9\tex\generic\oberdiek\uniquecounter.sty"
Package: uniquecounter 2009/12/18 v1.1 Provides unlimited unique counter (HO)
)
Package uniquecounter Info: New unique counter `rerunfilecheck' on input line 2
71.
)
\Hy@SectionHShift=\skip188
)

******************************************************
Stock height and width: 794.96999pt by 614.295pt
Top and edge trims: 0pt and 0pt
Page height and width: 794.96999pt by 614.295pt
Text height and width: 621pt by 420pt
Spine and edge margins: 72.26999pt and 122.02501pt
Upper and lower margins: 72.26999pt and 101.7pt
Headheight and headsep: 13pt and 13pt
Footskip: 26pt
Columnsep and columnseprule: 10pt and 0pt
Marginparsep and marginparwidth: 7pt and 50pt
Sidecapsep and sidecapwidth: 7pt and 50pt
Sidebarhsep and sidebarwidth: 7pt and 50pt
Sidebarvsep and sidebartopsep: 14.5pt and 0pt
Sidebarheight: 546.64995pt
Sidefoothsep and sidefootwidth: 7pt and 50pt
Sidefootvsep and sidefootheight: 14.5pt and 546.64995pt
******************************************************


LaTeX Warning: Unused global option(s):
    [titlepage].


("C:\Users\Robbie\Dropbox\raspberry_robot\Documentation\Build a Raspberry Robot
\Build a Raspberry Robot.aux"

LaTeX Warning: Label `table:3Dprint' multiply defined.

)
LaTeX Font Info:    Checking defaults for OML/cmm/m/it on input line 23.
LaTeX Font Info:    ... okay on input line 23.
LaTeX Font Info:    Checking defaults for T1/cmr/m/n on input line 23.
LaTeX Font Info:    ... okay on input line 23.
LaTeX Font Info:    Checking defaults for OT1/cmr/m/n on input line 23.
LaTeX Font Info:    ... okay on input line 23.
LaTeX Font Info:    Checking defaults for OMS/cmsy/m/n on input line 23.
LaTeX Font Info:    ... okay on input line 23.
LaTeX Font Info:    Checking defaults for OMX/cmex/m/n on input line 23.
LaTeX Font Info:    ... okay on input line 23.
LaTeX Font Info:    Checking defaults for U/cmr/m/n on input line 23.
LaTeX Font Info:    ... okay on input line 23.
LaTeX Font Info:    Checking defaults for PD1/pdf/m/n on input line 23.
LaTeX Font Info:    ... okay on input line 23.
 (C:\Users\Robbie\AppData\Roaming\MiKTeX\2.9\tex\context\base\supp-pdf.mkii
[Loading MPS to PDF converter (version 2006.09.02).]
\scratchcounter=\count161
\scratchdimen=\dimen161
\scratchbox=\box31
\nofMPsegments=\count162
\nofMParguments=\count163
\everyMPshowfont=\toks28
\MPscratchCnt=\count164
\MPscratchDim=\dimen162
\MPnumerator=\count165
\makeMPintoPDFobject=\count166
\everyMPtoPDFconversion=\toks29
)
\AtBeginShipoutBox=\box32
Package hyperref Info: Link coloring OFF on input line 23.
 ("C:\Program Files\MiKTeX 2.9\tex\latex\hyperref\nameref.sty"
Package: nameref 2010/04/30 v2.40 Cross-referencing by name of section

("C:\Program Files\MiKTeX 2.9\tex\latex\oberdiek\refcount.sty"
Package: refcount 2008/08/11 v3.1 Data extraction from references (HO)
)
("C:\Program Files\MiKTeX 2.9\tex\generic\oberdiek\gettitlestring.sty"
Package: gettitlestring 2009/12/18 v1.3 Cleanup title references (HO)
)
\c@section@level=\count167
)
Redoing nameref's sectioning
Redoing nameref's label
LaTeX Info: Redefining \nameref on input line 23.
LaTeX Info: Redefining \ref on input line 23.
LaTeX Info: Redefining \pageref on input line 23.
LaTeX Info: Redefining \nameref on input line 23.

("C:\Users\Robbie\Dropbox\raspberry_robot\Documentation\Build a Raspberry Robot
\Build a Raspberry Robot.out")
("C:\Users\Robbie\Dropbox\raspberry_robot\Documentation\Build a Raspberry Robot
\Build a Raspberry Robot.out")
\@outlinefile=\write4
LaTeX Font Info:    Try loading font information for U+msa on input line 41.

("C:\Program Files\MiKTeX 2.9\tex\latex\amsfonts\umsa.fd"
File: umsa.fd 2009/06/22 v3.00 AMS symbols A
)
LaTeX Font Info:    Try loading font information for U+msb on input line 41.

("C:\Program Files\MiKTeX 2.9\tex\latex\amsfonts\umsb.fd"
File: umsb.fd 2009/06/22 v3.00 AMS symbols B
)
<render/pibot2.jpg, id=43, 1284.8pt x 707.64375pt>
File: render/pibot2.jpg Graphic file (type jpg)
 <use render/pibot2.jpg>
Overfull \hbox (31.68915pt too wide) in paragraph at lines 43--45
 [][] 
 []

[1

{C:/Users/Robbie/AppData/Local/MiKTeX/2.9/pdftex/config/pdftex.map} <C:/Users/R
obbie/Dropbox/raspberry_robot/Documentation/Build a Raspberry Robot/render/pibo
t2.jpg>]
Underfull \hbox (badness 10000) in paragraph at lines 67--68

 []

LaTeX Font Info:    Try loading font information for OMS+cmr on input line 73.
("C:\Program Files\MiKTeX 2.9\tex\latex\base\omscmr.fd"
File: omscmr.fd 1999/05/25 v2.5h Standard LaTeX font definitions
)
LaTeX Font Info:    Font shape `OMS/cmr/m/n' in size <12> not available
(Font)              Font shape `OMS/cmsy/m/n' tried instead on input line 73.


Class memoir Warning: The material used in the headers is too large
(14.49998pt) for the given head height (13.0pt), it is recommended to
either increase the head height or redesign the header
(in both cases you will find help in the memoir manual). on input line 86.


Overfull \vbox (1.49998pt too high) has occurred while \output is active []

pdfTeX warning (ext4): destination with the same identifier (name{page.1}) has 
been already used, duplicate ignored
<to be read again> 
                   \relax 
l.86 \begin
           {figure}[!htbp] [1



]
<render/pibotfront.jpg, id=59, 853.1875pt x 599.23875pt>
File: render/pibotfront.jpg Graphic file (type jpg)

<use render/pibotfront.jpg>
<render/pibottop.jpg, id=60, 711.65875pt x 704.6325pt>
File: render/pibottop.jpg Graphic file (type jpg)

<use render/pibottop.jpg>
<render/pibotstarboard.jpg, id=61, 875.27pt x 591.20876pt>
File: render/pibotstarboard.jpg Graphic file (type jpg)

<use render/pibotstarboard.jpg>
<render/pibotport.jpg, id=62, 845.1575pt x 473.77pt>
File: render/pibotport.jpg Graphic file (type jpg)

<use render/pibotport.jpg>
<render/pibotback.jpg, id=63, 832.10875pt x 479.7925pt>
File: render/pibotback.jpg Graphic file (type jpg)

<use render/pibotback.jpg>
Overfull \vbox (1.49998pt too high) has occurred while \output is active []


[2 <C:/Users/Robbie/Dropbox/raspberry_robot/Documentation/Build a Raspberry Rob
ot/render/pibotfront.jpg>]
Overfull \vbox (1.49998pt too high) has occurred while \output is active []


[3 <C:/Users/Robbie/Dropbox/raspberry_robot/Documentation/Build a Raspberry Rob
ot/render/pibottop.jpg> <C:/Users/Robbie/Dropbox/raspberry_robot/Documentation/
Build a Raspberry Robot/render/pibotstarboard.jpg>]
Overfull \vbox (1.49998pt too high) has occurred while \output is active []


[4 <C:/Users/Robbie/Dropbox/raspberry_robot/Documentation/Build a Raspberry Rob
ot/render/pibotport.jpg> <C:/Users/Robbie/Dropbox/raspberry_robot/Documentation
/Build a Raspberry Robot/render/pibotback.jpg>]
Underfull \hbox (badness 6284) in paragraph at lines 122--122
[]|\OT1/cmr/m/n/12 12V 100rpm 25mm
 []


Underfull \hbox (badness 10000) in paragraph at lines 122--122
[]|\OT1/cmr/m/n/12 ebay, aliex-press,
 []

<picture/motor.png, id=81, 214.55156pt x 201.00093pt>
File: picture/motor.png Graphic file (type png)
 <use picture/motor.png>
<picture/pi.jpg, id=82, 292.09125pt x 219.219pt>
File: picture/pi.jpg Graphic file (type jpg)
 <use picture/pi.jpg>
Underfull \hbox (badness 10000) in paragraph at lines 124--124
[]|\OT1/cmr/m/n/12 Raspberry Pi Wifi
 []

<picture/piwifi.jpg, id=83, 1204.5pt x 903.375pt>
File: picture/piwifi.jpg Graphic file (type jpg)
 <use picture/piwifi.jpg>
<picture/picam.jpg, id=84, 292.09125pt x 219.219pt>
File: picture/picam.jpg Graphic file (type jpg)
 <use picture/picam.jpg>
<picture/lipo.jpg, id=85, 511.9125pt x 394.47375pt>
File: picture/lipo.jpg Graphic file (type jpg)
 <use picture/lipo.jpg>
Underfull \hbox (badness 10000) in paragraph at lines 128--128
[]|\OT1/cmr/m/n/12 Raspberry Robot
 []

<picture/piboard.jpg, id=86, 961.5925pt x 728.7225pt>
File: picture/piboard.jpg Graphic file (type jpg)

<use picture/piboard.jpg>
Underfull \hbox (badness 10000) in paragraph at lines 129--129
[]|\OT1/cmr/m/n/12 Lithium Poly-mer
 []


Underfull \hbox (badness 10000) in paragraph at lines 129--129
\OT1/cmr/m/n/12 B3AC Bat-tery
 []

<picture/charger.jpg, id=87, 567.11874pt x 415.5525pt>
File: picture/charger.jpg Graphic file (type jpg)

<use picture/charger.jpg>
Underfull \hbox (badness 3612) in paragraph at lines 130--130
[]|\OT1/cmr/m/n/12 Wiring and con-nec-
 []


Overfull \hbox (41.37122pt too wide) in paragraph at lines 119--134
[][] 
 []


LaTeX Warning: Float too large for page by 62.06151pt on input line 136.


LaTeX Warning: `!h' float specifier changed to `!ht'.


Underfull \hbox (badness 10000) in paragraph at lines 142--142
[]|\OT1/cmr/m/n/12 Logitech F710
 []

<picture/f710.png, id=88, 522.95375pt x 343.2825pt>
File: picture/f710.png Graphic file (type png)
 <use picture/f710.png>
Overfull \hbox (26.74915pt too wide) in paragraph at lines 139--144
[][] 
 []


LaTeX Warning: `!h' float specifier changed to `!ht'.

<picture/hexkey.jpg, id=90, 504.88625pt x 378.41376pt>
File: picture/hexkey.jpg Graphic file (type jpg)

<use picture/hexkey.jpg>
<picture/solderingiron.jpg, id=91, 233.673pt x 175.3752pt>
File: picture/solderingiron.jpg Graphic file (type jpg)

<use picture/solderingiron.jpg>
<picture/knife.jpg, id=92, 301.125pt x 301.125pt>
File: picture/knife.jpg Graphic file (type jpg)
 <use picture/knife.jpg>
<picture/wirestripper.jpg, id=93, 2055.68pt x 1380.15625pt>
File: picture/wirestripper.jpg Graphic file (type jpg)

<use picture/wirestripper.jpg>
<picture/avrisp.jpg, id=94, 1184.425pt x 1129.21875pt>
File: picture/avrisp.jpg Graphic file (type jpg)

<use picture/avrisp.jpg> <picture/taps.jpg, id=95, 469.755pt x 351.3125pt>
File: picture/taps.jpg Graphic file (type jpg)

<use picture/taps.jpg> <picture/tweezer.jpg, id=96, 301.125pt x 184.69pt>
File: picture/tweezer.jpg Graphic file (type jpg)

<use picture/tweezer.jpg>

LaTeX Warning: `!h' float specifier changed to `!ht'.

<hw/M3X06LHC.jpg, id=97, 98.3675pt x 54.604pt>
File: hw/M3X06LHC.jpg Graphic file (type jpg)
 <use hw/M3X06LHC.jpg>
<hw/M3X10FC.jpg, id=98, 72.6715pt x 43.7635pt>
File: hw/M3X10FC.jpg Graphic file (type jpg)
 <use hw/M3X10FC.jpg>
Overfull \hbox (10.71379pt too wide) in paragraph at lines 170--179
[][] 
 []


LaTeX Warning: `!h' float specifier changed to `!ht'.

<picture/wires.jpg, id=99, 292.09125pt x 219.219pt>
File: picture/wires.jpg Graphic file (type jpg)
 <use picture/wires.jpg>
Underfull \hbox (badness 10000) in paragraph at lines 188--188
[]|\OT1/cmr/m/n/12 Female JST-XH <->
 []


Underfull \hbox (badness 2042) in paragraph at lines 188--188
\OT1/cmr/m/n/12 Male Polyquest 3S 10cm
 []

<picture/jstext.jpg, id=100, 511.9125pt x 377.41pt>
File: picture/jstext.jpg Graphic file (type jpg)
 <use picture/jstext.jpg>
<picture/fjst.jpg, id=101, 511.9125pt x 395.4775pt>
File: picture/fjst.jpg Graphic file (type jpg)
 <use picture/fjst.jpg>
Underfull \hbox (badness 1400) in paragraph at lines 190--190
[]|\OT1/cmr/m/n/12 Male JST bat-tery pig-tail
 []

<picture/mjst.jpg, id=102, 511.9125pt x 375.4025pt>
File: picture/mjst.jpg Graphic file (type jpg)
 <use picture/mjst.jpg>
<picture/pwr.jpg, id=103, 200.75pt x 200.75pt>
File: picture/pwr.jpg Graphic file (type jpg)
 <use picture/pwr.jpg>
Overfull \hbox (86.30202pt too wide) in paragraph at lines 184--194
[][] 
 []


LaTeX Warning: `!h' float specifier changed to `!ht'.

<diagram/Side_Left_V01.pdf, id=106, 142.26349pt x 142.26349pt>
File: diagram/Side_Left_V01.pdf Graphic file (type pdf)

<use diagram/Side_Left_V01.pdf>
<diagram/Side_Right_V01.pdf, id=107, 142.26349pt x 142.26349pt>
File: diagram/Side_Right_V01.pdf Graphic file (type pdf)

<use diagram/Side_Right_V01.pdf>
<diagram/FR_motor_holder.pdf, id=108, 142.26349pt x 142.26349pt>
File: diagram/FR_motor_holder.pdf Graphic file (type pdf)

<use diagram/FR_motor_holder.pdf>
<diagram/RR_motor_holder.pdf, id=109, 142.26349pt x 142.26349pt>
File: diagram/RR_motor_holder.pdf Graphic file (type pdf)

<use diagram/RR_motor_holder.pdf>
<diagram/L_motor_holder.pdf, id=110, 142.26349pt x 142.26349pt>
File: diagram/L_motor_holder.pdf Graphic file (type pdf)

<use diagram/L_motor_holder.pdf>
<diagram/PiTrayB.pdf, id=111, 142.26349pt x 142.26349pt>
File: diagram/PiTrayB.pdf Graphic file (type pdf)

<use diagram/PiTrayB.pdf>
<diagram/Top_Plate.pdf, id=112, 142.26349pt x 142.26349pt>
File: diagram/Top_Plate.pdf Graphic file (type pdf)

<use diagram/Top_Plate.pdf>
<diagram/Wheel.pdf, id=113, 142.26349pt x 142.26349pt>
File: diagram/Wheel.pdf Graphic file (type pdf)
 <use diagram/Wheel.pdf>
Overfull \hbox (16.73442pt too wide) in paragraph at lines 206--218
[][] 
 []


LaTeX Warning: Float too large for page by 16.97285pt on input line 220.

<picture/makerbotrep2.jpg, id=114, 160.6pt x 90.3375pt>
File: picture/makerbotrep2.jpg Graphic file (type jpg)

<use picture/makerbotrep2.jpg>
<picture/ditto.jpg, id=115, 1204.5pt x 903.375pt>
File: picture/ditto.jpg Graphic file (type jpg)
 <use picture/ditto.jpg>
Overfull \hbox (39.32036pt too wide) in paragraph at lines 223--230
[][] 
 []


Overfull \vbox (1.49998pt too high) has occurred while \output is active []


[5

]
Overfull \vbox (1.49998pt too high) has occurred while \output is active []


[6 <C:/Users/Robbie/Dropbox/raspberry_robot/Documentation/Build a Raspberry Rob
ot/picture/motor.png (PNG copy)> <C:/Users/Robbie/Dropbox/raspberry_robot/Docum
entation/Build a Raspberry Robot/picture/pi.jpg> <C:/Users/Robbie/Dropbox/raspb
erry_robot/Documentation/Build a Raspberry Robot/picture/piwifi.jpg> <C:/Users/
Robbie/Dropbox/raspberry_robot/Documentation/Build a Raspberry Robot/picture/pi
cam.jpg> <C:/Users/Robbie/Dropbox/raspberry_robot/Documentation/Build a Raspber
ry Robot/picture/lipo.jpg> <C:/Users/Robbie/Dropbox/raspberry_robot/Documentati
on/Build a Raspberry Robot/picture/piboard.jpg> <C:/Users/Robbie/Dropbox/raspbe
rry_robot/Documentation/Build a Raspberry Robot/picture/charger.jpg>]
Overfull \vbox (1.49998pt too high) has occurred while \output is active []


[7 <C:/Users/Robbie/Dropbox/raspberry_robot/Documentation/Build a Raspberry Rob
ot/picture/f710.png>]
Overfull \vbox (1.49998pt too high) has occurred while \output is active []


[8 <C:/Users/Robbie/Dropbox/raspberry_robot/Documentation/Build a Raspberry Rob
ot/picture/hexkey.jpg> <C:/Users/Robbie/Dropbox/raspberry_robot/Documentation/B
uild a Raspberry Robot/picture/solderingiron.jpg> <C:/Users/Robbie/Dropbox/rasp
berry_robot/Documentation/Build a Raspberry Robot/picture/knife.jpg> <C:/Users/
Robbie/Dropbox/raspberry_robot/Documentation/Build a Raspberry Robot/picture/wi
restripper.jpg> <C:/Users/Robbie/Dropbox/raspberry_robot/Documentation/Build a 
Raspberry Robot/picture/avrisp.jpg> <C:/Users/Robbie/Dropbox/raspberry_robot/Do
cumentation/Build a Raspberry Robot/picture/taps.jpg> <C:/Users/Robbie/Dropbox/
raspberry_robot/Documentation/Build a Raspberry Robot/picture/tweezer.jpg>]
Overfull \vbox (1.49998pt too high) has occurred while \output is active []


[9 <C:/Users/Robbie/Dropbox/raspberry_robot/Documentation/Build a Raspberry Rob
ot/hw/M3X06LHC.jpg> <C:/Users/Robbie/Dropbox/raspberry_robot/Documentation/Buil
d a Raspberry Robot/hw/M3X10FC.jpg>]
Overfull \vbox (1.49998pt too high) has occurred while \output is active []


[10 <C:/Users/Robbie/Dropbox/raspberry_robot/Documentation/Build a Raspberry Ro
bot/picture/wires.jpg> <C:/Users/Robbie/Dropbox/raspberry_robot/Documentation/B
uild a Raspberry Robot/picture/jstext.jpg> <C:/Users/Robbie/Dropbox/raspberry_r
obot/Documentation/Build a Raspberry Robot/picture/fjst.jpg> <C:/Users/Robbie/D
ropbox/raspberry_robot/Documentation/Build a Raspberry Robot/picture/mjst.jpg> 
<C:/Users/Robbie/Dropbox/raspberry_robot/Documentation/Build a Raspberry Robot/
picture/pwr.jpg>]
Overfull \vbox (1.49998pt too high) has occurred while \output is active []


[11 <C:/Users/Robbie/Dropbox/raspberry_robot/Documentation/Build a Raspberry Ro
bot/diagram/Side_Left_V01.pdf> <C:/Users/Robbie/Dropbox/raspberry_robot/Documen
tation/Build a Raspberry Robot/diagram/Side_Right_V01.pdf> <C:/Users/Robbie/Dro
pbox/raspberry_robot/Documentation/Build a Raspberry Robot/diagram/FR_motor_hol
der.pdf> <C:/Users/Robbie/Dropbox/raspberry_robot/Documentation/Build a Raspber
ry Robot/diagram/RR_motor_holder.pdf> <C:/Users/Robbie/Dropbox/raspberry_robot/
Documentation/Build a Raspberry Robot/diagram/L_motor_holder.pdf> <C:/Users/Rob
bie/Dropbox/raspberry_robot/Documentation/Build a Raspberry Robot/diagram/PiTra
yB.pdf> <C:/Users/Robbie/Dropbox/raspberry_robot/Documentation/Build a Raspberr
y Robot/diagram/Top_Plate.pdf> <C:/Users/Robbie/Dropbox/raspberry_robot/Documen
tation/Build a Raspberry Robot/diagram/Wheel.pdf>]
Overfull \vbox (1.49998pt too high) has occurred while \output is active []


[12 <C:/Users/Robbie/Dropbox/raspberry_robot/Documentation/Build a Raspberry Ro
bot/picture/makerbotrep2.jpg> <C:/Users/Robbie/Dropbox/raspberry_robot/Document
ation/Build a Raspberry Robot/picture/ditto.jpg>]
Underfull \hbox (badness 10000) in paragraph at lines 239--240

 []


Underfull \hbox (badness 10000) in paragraph at lines 249--252

 []


Underfull \hbox (badness 10000) in paragraph at lines 252--253

 []


Overfull \vbox (1.49998pt too high) has occurred while \output is active []


[13

]
Underfull \hbox (badness 10000) in paragraph at lines 263--265

 []


Underfull \hbox (badness 10000) in paragraph at lines 268--269

 []


Underfull \hbox (badness 10000) in paragraph at lines 271--272

 []


Overfull \vbox (1.49998pt too high) has occurred while \output is active []


[14]
Overfull \hbox (24.24957pt too wide) in paragraph at lines 289--289
 []\OT1/cmtt/m/n/12 $ rostopic pub /piBot_motors std_msgs/ColorRGBA 255 255 255
 255[] 
 []


Overfull \hbox (24.24957pt too wide) in paragraph at lines 297--297
 []\OT1/cmtt/m/n/12 $ rostopic pub /piBot_motors std_msgs/ColorRGBA 127 127 127
 127[] 
 []

<assem/step1.PDF, id=192, 853.58296pt x 853.58296pt>
File: assem/step1.PDF Graphic file (type pdf)
 <use assem/step1.PDF>
Overfull \hbox (10.87616pt too wide) in paragraph at lines 316--318
[] 
 []


Overfull \vbox (1.49998pt too high) has occurred while \output is active []


[15] <assem/step2.PDF, id=206, 853.58296pt x 853.58296pt>
File: assem/step2.PDF Graphic file (type pdf)

<use assem/step2.PDF>
Overfull \hbox (82.81152pt too wide) in paragraph at lines 319--321
\OT1/cmr/m/n/12 Cap screws [][h] 
 []


Overfull \vbox (1.49998pt too high) has occurred while \output is active []


[16 <C:/Users/Robbie/Dropbox/raspberry_robot/Documentation/Build a Raspberry Ro
bot/assem/step1.PDF>]
Overfull \vbox (1.49998pt too high) has occurred while \output is active []


[17 <C:/Users/Robbie/Dropbox/raspberry_robot/Documentation/Build a Raspberry Ro
bot/assem/step2.PDF>]
Underfull \hbox (badness 10000) in paragraph at lines 330--331

 []

<assem/step3.PDF, id=225, 853.58296pt x 853.58296pt>
File: assem/step3.PDF Graphic file (type pdf)
 <use assem/step3.PDF>
Overfull \hbox (23.93158pt too wide) in paragraph at lines 332--334
[]\OT1/cmr/m/n/12 [h] 
 []


Overfull \vbox (1.49998pt too high) has occurred while \output is active []


[18 <C:/Users/Robbie/Dropbox/raspberry_robot/Documentation/Build a Raspberry Ro
bot/assem/step3.PDF>]
Overfull \vbox (1.49998pt too high) has occurred while \output is active []


[19]
Overfull \vbox (1.49998pt too high) has occurred while \output is active []


[20

]

Class memoir Warning: The material used in the headers is too large
(14.49998pt) for the given head height (13.0pt), it is recommended to
either increase the head height or redesign the header
(in both cases you will find help in the memoir manual). on input line 358.


Overfull \vbox (1.49998pt too high) has occurred while \output is active []


[21

]
Package atveryend Info: Empty hook `BeforeClearDocument' on input line 358.
Package atveryend Info: Empty hook `AfterLastShipout' on input line 358.

("C:\Users\Robbie\Dropbox\raspberry_robot\Documentation\Build a Raspberry Robot
\Build a Raspberry Robot.aux")
Package atveryend Info: Executing hook `AtVeryEndDocument' on input line 358.
Package rerunfilecheck Info: File `Build*a*Raspberry*Robot.out' has not changed
.
(rerunfilecheck)             Checksum: <no file>.


LaTeX Warning: There were multiply-defined labels.

 ) 
Here is how much of TeX's memory you used:
 9246 strings out of 494053
 131577 string characters out of 3148600
 252405 words of memory out of 3000000
 12311 multiletter control sequences out of 15000+200000
 11219 words of font info for 42 fonts, out of 3000000 for 9000
 715 hyphenation exceptions out of 8191
 34i,11n,29p,737b,607s stack positions out of 5000i,500n,10000p,200000b,50000s
<C:/Program Files/MiKTeX 2.9/fonts/type1/public/amsfonts/cm/cmbx12.pfb><C:/Pr
ogram Files/MiKTeX 2.9/fonts/type1/public/amsfonts/cm/cmcsc10.pfb><C:/Program F
iles/MiKTeX 2.9/fonts/type1/public/amsfonts/cm/cmr12.pfb><C:/Program Files/MiKT
eX 2.9/fonts/type1/public/amsfonts/cm/cmsy10.pfb><C:/Program Files/MiKTeX 2.9/f
onts/type1/public/amsfonts/cm/cmti12.pfb><C:/Program Files/MiKTeX 2.9/fonts/typ
e1/public/amsfonts/cm/cmtt12.pfb>
Output written on "Build a Raspberry Robot.pdf" (22 pages, 4296295 bytes).
PDF statistics:
 293 PDF objects out of 1000 (max. 8388607)
 81 named destinations out of 1000 (max. 500000)
 286 words of extra memory for PDF output out of 10000 (max. 10000000)

